<?xml version="1.0" encoding="UTF-8"?>
<robot generator="Robot 3.1.2 (Python 3.7.4 on win32)" generated="20190925 09:32:01.119" rpa="false">
<suite id="s1" name="MainPageDataDriven" source="D:\selenium\SeleniumExample\python\Robot_framework\MainPageDataDriven.robot">
<test id="s1-t1" name="Find animal">
<kw name="Find animal">
<arguments>
<arg>Persian</arg>
<arg>FL-DLH-02</arg>
</arguments>
<kw name="Open Main Page" library="MainPageSteps">
<status status="PASS" starttime="20190925 09:32:06.549" endtime="20190925 09:32:12.009"></status>
</kw>
<kw name="Click Enter Store Link" library="MainPageSteps">
<status status="PASS" starttime="20190925 09:32:12.010" endtime="20190925 09:32:12.285"></status>
</kw>
<kw name="Search For Product" library="MainPageSteps">
<arguments>
<arg>${animal_name}</arg>
</arguments>
<status status="PASS" starttime="20190925 09:32:12.285" endtime="20190925 09:32:12.539"></status>
</kw>
<kw name="Check Link" library="MainPageSteps">
<arguments>
<arg>${link}</arg>
</arguments>
<status status="PASS" starttime="20190925 09:32:12.539" endtime="20190925 09:32:12.573"></status>
</kw>
<status status="PASS" starttime="20190925 09:32:06.549" endtime="20190925 09:32:12.573"></status>
</kw>
<kw name="Find animal">
<arguments>
<arg>Manx</arg>
<arg>FL-DSH-01</arg>
</arguments>
<kw name="Open Main Page" library="MainPageSteps">
<status status="PASS" starttime="20190925 09:32:12.574" endtime="20190925 09:32:12.610"></status>
</kw>
<kw name="Click Enter Store Link" library="MainPageSteps">
<status status="PASS" starttime="20190925 09:32:12.611" endtime="20190925 09:32:12.737"></status>
</kw>
<kw name="Search For Product" library="MainPageSteps">
<arguments>
<arg>${animal_name}</arg>
</arguments>
<status status="PASS" starttime="20190925 09:32:12.737" endtime="20190925 09:32:12.975"></status>
</kw>
<kw name="Check Link" library="MainPageSteps">
<arguments>
<arg>${link}</arg>
</arguments>
<status status="PASS" starttime="20190925 09:32:12.975" endtime="20190925 09:32:13.008"></status>
</kw>
<status status="PASS" starttime="20190925 09:32:12.573" endtime="20190925 09:32:13.008"></status>
</kw>
<kw name="Find animal">
<arguments>
<arg>Chihuahua</arg>
<arg>K9-CW-01</arg>
</arguments>
<kw name="Open Main Page" library="MainPageSteps">
<status status="PASS" starttime="20190925 09:32:13.009" endtime="20190925 09:32:13.040"></status>
</kw>
<kw name="Click Enter Store Link" library="MainPageSteps">
<status status="PASS" starttime="20190925 09:32:13.040" endtime="20190925 09:32:13.168"></status>
</kw>
<kw name="Search For Product" library="MainPageSteps">
<arguments>
<arg>${animal_name}</arg>
</arguments>
<status status="PASS" starttime="20190925 09:32:13.168" endtime="20190925 09:32:13.416"></status>
</kw>
<kw name="Check Link" library="MainPageSteps">
<arguments>
<arg>${link}</arg>
</arguments>
<status status="PASS" starttime="20190925 09:32:13.416" endtime="20190925 09:32:13.444"></status>
</kw>
<status status="PASS" starttime="20190925 09:32:13.009" endtime="20190925 09:32:13.444"></status>
</kw>
<kw name="Find animal">
<arguments>
<arg>Dalmation</arg>
<arg>K9-DL-01</arg>
</arguments>
<kw name="Open Main Page" library="MainPageSteps">
<status status="PASS" starttime="20190925 09:32:13.445" endtime="20190925 09:32:13.480"></status>
</kw>
<kw name="Click Enter Store Link" library="MainPageSteps">
<status status="PASS" starttime="20190925 09:32:13.480" endtime="20190925 09:32:13.613"></status>
</kw>
<kw name="Search For Product" library="MainPageSteps">
<arguments>
<arg>${animal_name}</arg>
</arguments>
<status status="PASS" starttime="20190925 09:32:13.614" endtime="20190925 09:32:13.850"></status>
</kw>
<kw name="Check Link" library="MainPageSteps">
<arguments>
<arg>${link}</arg>
</arguments>
<status status="PASS" starttime="20190925 09:32:13.850" endtime="20190925 09:32:13.880"></status>
</kw>
<status status="PASS" starttime="20190925 09:32:13.444" endtime="20190925 09:32:13.880"></status>
</kw>
<status status="PASS" starttime="20190925 09:32:06.548" endtime="20190925 09:32:13.881" critical="yes"></status>
</test>
<status status="PASS" starttime="20190925 09:32:01.121" endtime="20190925 09:32:13.882"></status>
</suite>
<statistics>
<total>
<stat pass="1" fail="0">Critical Tests</stat>
<stat pass="1" fail="0">All Tests</stat>
</total>
<tag>
</tag>
<suite>
<stat pass="1" fail="0" id="s1" name="MainPageDataDriven">MainPageDataDriven</stat>
</suite>
</statistics>
<errors>
</errors>
</robot>
